[debug] [2023-12-25T11:18:49.411Z] ----------------------------------------------------------------------
[debug] [2023-12-25T11:18:49.416Z] Command:       C:\Program Files\nodejs\node.exe C:\Users\hp\AppData\Roaming\npm\node_modules\firebase-tools\lib\bin\firebase.js init
[debug] [2023-12-25T11:18:49.417Z] CLI Version:   13.0.1
[debug] [2023-12-25T11:18:49.417Z] Platform:      win32
[debug] [2023-12-25T11:18:49.418Z] Node Version:  v21.4.0
[debug] [2023-12-25T11:18:49.418Z] Time:          Mon Dec 25 2023 16:48:49 GMT+0530 (India Standard Time)
[debug] [2023-12-25T11:18:49.418Z] ----------------------------------------------------------------------
[debug] 
[debug] [2023-12-25T11:18:49.424Z] >>> [apiv2][query] GET https://firebase-public.firebaseio.com/cli.json [none]
[debug] [2023-12-25T11:18:49.519Z] > command requires scopes: ["email","openid","https://www.googleapis.com/auth/cloudplatformprojects.readonly","https://www.googleapis.com/auth/firebase","https://www.googleapis.com/auth/cloud-platform"]
[debug] [2023-12-25T11:18:49.520Z] > authorizing via signed-in user (arnavk114@gmail.com)
[info] 
     ######## #### ########  ######## ########     ###     ######  ########
     ##        ##  ##     ## ##       ##     ##  ##   ##  ##       ##
     ######    ##  ########  ######   ########  #########  ######  ######
     ##        ##  ##    ##  ##       ##     ## ##     ##       ## ##
     ##       #### ##     ## ######## ########  ##     ##  ######  ########

You're about to initialize a Firebase project in this directory:

  C:\Users\hp\OneDrive\Desktop\javascript

[debug] [2023-12-25T11:18:50.418Z] <<< [apiv2][status] GET https://firebase-public.firebaseio.com/cli.json 200
[debug] [2023-12-25T11:18:50.419Z] <<< [apiv2][body] GET https://firebase-public.firebaseio.com/cli.json {"cloudBuildErrorAfter":1594252800000,"cloudBuildWarnAfter":1590019200000,"defaultNode10After":1594252800000,"minVersion":"3.0.5","node8DeploysDisabledAfter":1613390400000,"node8RuntimeDisabledAfter":1615809600000,"node8WarnAfter":1600128000000}
